# JRE version: OpenJDK Runtime Environment Temurin-21.0.7+6 (21.0.7+6) (build 21.0.7+6-LTS)
# Java VM: OpenJDK 64-Bit Server VM Temurin-21.0.7+6 (21.0.7+6-LTS, mixed mode, sharing, tiered, compressed oops, compressed class ptrs, parallel gc, windows-amd64)
GC Precious Log:
 CardTable entry size: 512
 CPUs: 8 total, 8 available
 Memory: 7879M
 Large Page Support: Disabled
 NUMA Support: Disabled
 Compressed Oops: Enabled (32-bit)
 Alignments: Space 512K, Generation 512K, Heap 2M
 Heap Min Capacity: 100M
 Heap Initial Capacity: 100M
 Heap Max Capacity: 2G
 Pre-touch: Disabled
 Parallel Workers: 8
Heap:
 PSYoungGen      total 6144K, used 4589K [0x00000000d5580000, 0x00000000d5f00000, 0x0000000100000000)
  eden space 4608K, 69% used [0x00000000d5580000,0x00000000d58a1580,0x00000000d5a00000)
  from space 1536K, 90% used [0x00000000d5d80000,0x00000000d5ed9fe8,0x00000000d5f00000)
  to   space 2048K, 0% used [0x00000000d5b00000,0x00000000d5b00000,0x00000000d5d00000)
 ParOldGen       total 284160K, used 279579K [0x0000000080000000, 0x0000000091580000, 0x00000000d5580000)
  object space 284160K, 98% used [0x0000000080000000,0x0000000091106f50,0x0000000091580000)
 Metaspace       used 59545K, committed 60736K, reserved 1114112K
  class space    used 6563K, committed 7040K, reserved 1048576K
GC Heap History (20 events):
Event: 103.660 GC heap before
{Heap before GC invocations=269 (full 3):
 PSYoungGen      total 3072K, used 3014K [0x00000000d5580000, 0x00000000d5980000, 0x0000000100000000)
  eden space 2048K, 100% used [0x00000000d5580000,0x00000000d5780000,0x00000000d5780000)
  from space 1024K, 94% used [0x00000000d5780000,0x00000000d5871bd8,0x00000000d5880000)
  to   space 1024K, 0% used [0x00000000d5880000,0x00000000d5880000,0x00000000d5980000)
 ParOldGen       total 283136K, used 282719K [0x0000000080000000, 0x0000000091480000, 0x00000000d5580000)
  object space 283136K, 99% used [0x0000000080000000,0x0000000091417cf8,0x0000000091480000)
 Metaspace       used 59537K, committed 60672K, reserved 1114112K
  class space    used 6563K, committed 7040K, reserved 1048576K
}
Event: 103.662 GC heap after
{Heap after GC invocations=269 (full 3):
 PSYoungGen      total 3072K, used 860K [0x00000000d5580000, 0x00000000d5980000, 0x0000000100000000)
  eden space 2048K, 0% used [0x00000000d5580000,0x00000000d5580000,0x00000000d5780000)
  from space 1024K, 84% used [0x00000000d5880000,0x00000000d5957370,0x00000000d5980000)
  to   space 1024K, 0% used [0x00000000d5780000,0x00000000d5780000,0x00000000d5880000)
 ParOldGen       total 283648K, used 283427K [0x0000000080000000, 0x0000000091500000, 0x00000000d5580000)
  object space 283648K, 99% used [0x0000000080000000,0x00000000914c8fa0,0x0000000091500000)
 Metaspace       used 59537K, committed 60672K, reserved 1114112K
  class space    used 6563K, committed 7040K, reserved 1048576K
}
Event: 103.693 GC heap before
{Heap before GC invocations=270 (full 3):
 PSYoungGen      total 3072K, used 2898K [0x00000000d5580000, 0x00000000d5980000, 0x0000000100000000)
  eden space 2048K, 99% used [0x00000000d5580000,0x00000000d577d508,0x00000000d5780000)
  from space 1024K, 84% used [0x00000000d5880000,0x00000000d5957370,0x00000000d5980000)
  to   space 1024K, 0% used [0x00000000d5780000,0x00000000d5780000,0x00000000d5880000)
 ParOldGen       total 283648K, used 283427K [0x0000000080000000, 0x0000000091500000, 0x00000000d5580000)
  object space 283648K, 99% used [0x0000000080000000,0x00000000914c8fa0,0x0000000091500000)
 Metaspace       used 59537K, committed 60672K, reserved 1114112K
  class space    used 6563K, committed 7040K, reserved 1048576K
}
Event: 103.698 GC heap after
{Heap after GC invocations=270 (full 3):
 PSYoungGen      total 3072K, used 2898K [0x00000000d5580000, 0x00000000d5980000, 0x0000000100000000)
  eden space 2048K, 99% used [0x00000000d5580000,0x00000000d577d508,0x00000000d5780000)
  from space 1024K, 84% used [0x00000000d5880000,0x00000000d5957370,0x00000000d5980000)
  to   space 1024K, 65% used [0x00000000d5780000,0x00000000d5827708,0x00000000d5880000)
 ParOldGen       total 284160K, used 283718K [0x0000000080000000, 0x0000000091580000, 0x00000000d5580000)
  object space 284160K, 99% used [0x0000000080000000,0x0000000091511818,0x0000000091580000)
 Metaspace       used 59537K, committed 60672K, reserved 1114112K
  class space    used 6563K, committed 7040K, reserved 1048576K
}
Event: 103.698 GC heap before
{Heap before GC invocations=271 (full 4):
 PSYoungGen      total 3072K, used 2898K [0x00000000d5580000, 0x00000000d5980000, 0x0000000100000000)
  eden space 2048K, 99% used [0x00000000d5580000,0x00000000d577d508,0x00000000d5780000)
  from space 1024K, 84% used [0x00000000d5880000,0x00000000d5957370,0x00000000d5980000)
  to   space 1024K, 65% used [0x00000000d5780000,0x00000000d5827708,0x00000000d5880000)
 ParOldGen       total 284160K, used 283718K [0x0000000080000000, 0x0000000091580000, 0x00000000d5580000)
  object space 284160K, 99% used [0x0000000080000000,0x0000000091511818,0x0000000091580000)
 Metaspace       used 59537K, committed 60672K, reserved 1114112K
  class space    used 6563K, committed 7040K, reserved 1048576K
}
Event: 104.462 GC heap after
{Heap after GC invocations=271 (full 4):
 PSYoungGen      total 3072K, used 0K [0x00000000d5580000, 0x00000000d5a00000, 0x0000000100000000)
  eden space 2048K, 0% used [0x00000000d5580000,0x00000000d5580000,0x00000000d5780000)
  from space 1024K, 0% used [0x00000000d5780000,0x00000000d5780000,0x00000000d5880000)
  to   space 1024K, 0% used [0x00000000d5900000,0x00000000d5900000,0x00000000d5a00000)
 ParOldGen       total 284160K, used 272807K [0x0000000080000000, 0x0000000091580000, 0x00000000d5580000)
  object space 284160K, 96% used [0x0000000080000000,0x0000000090a69f00,0x0000000091580000)
 Metaspace       used 59537K, committed 60672K, reserved 1114112K
  class space    used 6563K, committed 7040K, reserved 1048576K
}
Event: 104.468 GC heap before
{Heap before GC invocations=272 (full 4):
 PSYoungGen      total 3072K, used 2044K [0x00000000d5580000, 0x00000000d5a00000, 0x0000000100000000)
  eden space 2048K, 99% used [0x00000000d5580000,0x00000000d577f1e8,0x00000000d5780000)
  from space 1024K, 0% used [0x00000000d5780000,0x00000000d5780000,0x00000000d5880000)
  to   space 1024K, 0% used [0x00000000d5900000,0x00000000d5900000,0x00000000d5a00000)
 ParOldGen       total 284160K, used 272807K [0x0000000080000000, 0x0000000091580000, 0x00000000d5580000)
  object space 284160K, 96% used [0x0000000080000000,0x0000000090a69f00,0x0000000091580000)
 Metaspace       used 59538K, committed 60672K, reserved 1114112K
  class space    used 6563K, committed 7040K, reserved 1048576K
}
Event: 104.469 GC heap after
{Heap after GC invocations=272 (full 4):
 PSYoungGen      total 3584K, used 719K [0x00000000d5580000, 0x00000000d5a00000, 0x0000000100000000)
  eden space 2560K, 0% used [0x00000000d5580000,0x00000000d5580000,0x00000000d5800000)
  from space 1024K, 70% used [0x00000000d5900000,0x00000000d59b3c88,0x00000000d5a00000)
  to   space 1024K, 0% used [0x00000000d5800000,0x00000000d5800000,0x00000000d5900000)
 ParOldGen       total 284160K, used 272807K [0x0000000080000000, 0x0000000091580000, 0x00000000d5580000)
  object space 284160K, 96% used [0x0000000080000000,0x0000000090a69f00,0x0000000091580000)
 Metaspace       used 59538K, committed 60672K, reserved 1114112K
  class space    used 6563K, committed 7040K, reserved 1048576K
}
Event: 104.486 GC heap before
{Heap before GC invocations=273 (full 4):
 PSYoungGen      total 3584K, used 3213K [0x00000000d5580000, 0x00000000d5a00000, 0x0000000100000000)
  eden space 2560K, 97% used [0x00000000d5580000,0x00000000d57ef888,0x00000000d5800000)
  from space 1024K, 70% used [0x00000000d5900000,0x00000000d59b3c88,0x00000000d5a00000)
  to   space 1024K, 0% used [0x00000000d5800000,0x00000000d5800000,0x00000000d5900000)
 ParOldGen       total 284160K, used 272807K [0x0000000080000000, 0x0000000091580000, 0x00000000d5580000)
  object space 284160K, 96% used [0x0000000080000000,0x0000000090a69f00,0x0000000091580000)
 Metaspace       used 59538K, committed 60672K, reserved 1114112K
  class space    used 6563K, committed 7040K, reserved 1048576K
}
Event: 104.487 GC heap after
{Heap after GC invocations=273 (full 4):
 PSYoungGen      total 3584K, used 1022K [0x00000000d5580000, 0x00000000d5c80000, 0x0000000100000000)
  eden space 2560K, 0% used [0x00000000d5580000,0x00000000d5580000,0x00000000d5800000)
  from space 1024K, 99% used [0x00000000d5800000,0x00000000d58ffbd0,0x00000000d5900000)
  to   space 2048K, 0% used [0x00000000d5a80000,0x00000000d5a80000,0x00000000d5c80000)
 ParOldGen       total 284160K, used 273354K [0x0000000080000000, 0x0000000091580000, 0x00000000d5580000)
  object space 284160K, 96% used [0x0000000080000000,0x0000000090af2b10,0x0000000091580000)
 Metaspace       used 59538K, committed 60672K, reserved 1114112K
  class space    used 6563K, committed 7040K, reserved 1048576K
}
Event: 104.518 GC heap before
{Heap before GC invocations=274 (full 4):
 PSYoungGen      total 3584K, used 3531K [0x00000000d5580000, 0x00000000d5c80000, 0x0000000100000000)
  eden space 2560K, 97% used [0x00000000d5580000,0x00000000d57f31c8,0x00000000d5800000)
  from space 1024K, 99% used [0x00000000d5800000,0x00000000d58ffbd0,0x00000000d5900000)
  to   space 2048K, 0% used [0x00000000d5a80000,0x00000000d5a80000,0x00000000d5c80000)
 ParOldGen       total 284160K, used 273354K [0x0000000080000000, 0x0000000091580000, 0x00000000d5580000)
  object space 284160K, 96% used [0x0000000080000000,0x0000000090af2b10,0x0000000091580000)
 Metaspace       used 59538K, committed 60672K, reserved 1114112K
  class space    used 6563K, committed 7040K, reserved 1048576K
}
Event: 104.520 GC heap after
{Heap after GC invocations=274 (full 4):
 PSYoungGen      total 4608K, used 1274K [0x00000000d5580000, 0x00000000d5c00000, 0x0000000100000000)
  eden space 3072K, 0% used [0x00000000d5580000,0x00000000d5580000,0x00000000d5880000)
  from space 1536K, 82% used [0x00000000d5a80000,0x00000000d5bbead8,0x00000000d5c00000)
  to   space 1536K, 0% used [0x00000000d5900000,0x00000000d5900000,0x00000000d5a80000)
 ParOldGen       total 284160K, used 274278K [0x0000000080000000, 0x0000000091580000, 0x00000000d5580000)
  object space 284160K, 96% used [0x0000000080000000,0x0000000090bd9878,0x0000000091580000)
 Metaspace       used 59538K, committed 60672K, reserved 1114112K
  class space    used 6563K, committed 7040K, reserved 1048576K
}
Event: 104.542 GC heap before
{Heap before GC invocations=275 (full 4):
 PSYoungGen      total 4608K, used 4346K [0x00000000d5580000, 0x00000000d5c00000, 0x0000000100000000)
  eden space 3072K, 100% used [0x00000000d5580000,0x00000000d5880000,0x00000000d5880000)
  from space 1536K, 82% used [0x00000000d5a80000,0x00000000d5bbead8,0x00000000d5c00000)
  to   space 1536K, 0% used [0x00000000d5900000,0x00000000d5900000,0x00000000d5a80000)
 ParOldGen       total 284160K, used 274278K [0x0000000080000000, 0x0000000091580000, 0x00000000d5580000)
  object space 284160K, 96% used [0x0000000080000000,0x0000000090bd9878,0x0000000091580000)
 Metaspace       used 59538K, committed 60672K, reserved 1114112K
  class space    used 6563K, committed 7040K, reserved 1048576K
}
Event: 104.545 GC heap after
{Heap after GC invocations=275 (full 4):
 PSYoungGen      total 5120K, used 1533K [0x00000000d5580000, 0x00000000d5f00000, 0x0000000100000000)
  eden space 3584K, 0% used [0x00000000d5580000,0x00000000d5580000,0x00000000d5900000)
  from space 1536K, 99% used [0x00000000d5900000,0x00000000d5a7f5a0,0x00000000d5a80000)
  to   space 3072K, 0% used [0x00000000d5c00000,0x00000000d5c00000,0x00000000d5f00000)
 ParOldGen       total 284160K, used 275215K [0x0000000080000000, 0x0000000091580000, 0x00000000d5580000)
  object space 284160K, 96% used [0x0000000080000000,0x0000000090cc3d28,0x0000000091580000)
 Metaspace       used 59538K, committed 60672K, reserved 1114112K
  class space    used 6563K, committed 7040K, reserved 1048576K
}
Event: 104.559 GC heap before
{Heap before GC invocations=276 (full 4):
 PSYoungGen      total 5120K, used 5117K [0x00000000d5580000, 0x00000000d5f00000, 0x0000000100000000)
  eden space 3584K, 100% used [0x00000000d5580000,0x00000000d5900000,0x00000000d5900000)
  from space 1536K, 99% used [0x00000000d5900000,0x00000000d5a7f5a0,0x00000000d5a80000)
  to   space 3072K, 0% used [0x00000000d5c00000,0x00000000d5c00000,0x00000000d5f00000)
 ParOldGen       total 284160K, used 275215K [0x0000000080000000, 0x0000000091580000, 0x00000000d5580000)
  object space 284160K, 96% used [0x0000000080000000,0x0000000090cc3d28,0x0000000091580000)
 Metaspace       used 59538K, committed 60672K, reserved 1114112K
  class space    used 6563K, committed 7040K, reserved 1048576K
}
Event: 104.562 GC heap after
{Heap after GC invocations=276 (full 4):
 PSYoungGen      total 5632K, used 1525K [0x00000000d5580000, 0x00000000d5d80000, 0x0000000100000000)
  eden space 4096K, 0% used [0x00000000d5580000,0x00000000d5580000,0x00000000d5980000)
  from space 1536K, 99% used [0x00000000d5c00000,0x00000000d5d7d6f8,0x00000000d5d80000)
  to   space 2048K, 0% used [0x00000000d5980000,0x00000000d5980000,0x00000000d5b80000)
 ParOldGen       total 284160K, used 276640K [0x0000000080000000, 0x0000000091580000, 0x00000000d5580000)
  object space 284160K, 97% used [0x0000000080000000,0x0000000090e28010,0x0000000091580000)
 Metaspace       used 59538K, committed 60672K, reserved 1114112K
  class space    used 6563K, committed 7040K, reserved 1048576K
}
Event: 104.579 GC heap before
{Heap before GC invocations=277 (full 4):
 PSYoungGen      total 5632K, used 5621K [0x00000000d5580000, 0x00000000d5d80000, 0x0000000100000000)
  eden space 4096K, 100% used [0x00000000d5580000,0x00000000d5980000,0x00000000d5980000)
  from space 1536K, 99% used [0x00000000d5c00000,0x00000000d5d7d6f8,0x00000000d5d80000)
  to   space 2048K, 0% used [0x00000000d5980000,0x00000000d5980000,0x00000000d5b80000)
 ParOldGen       total 284160K, used 276640K [0x0000000080000000, 0x0000000091580000, 0x00000000d5580000)
  object space 284160K, 97% used [0x0000000080000000,0x0000000090e28010,0x0000000091580000)
 Metaspace       used 59538K, committed 60672K, reserved 1114112K
  class space    used 6563K, committed 7040K, reserved 1048576K
}
Event: 104.581 GC heap after
{Heap after GC invocations=277 (full 4):
 PSYoungGen      total 6144K, used 2026K [0x00000000d5580000, 0x00000000d6100000, 0x0000000100000000)
  eden space 4096K, 0% used [0x00000000d5580000,0x00000000d5580000,0x00000000d5980000)
  from space 2048K, 98% used [0x00000000d5980000,0x00000000d5b7abb8,0x00000000d5b80000)
  to   space 3584K, 0% used [0x00000000d5d80000,0x00000000d5d80000,0x00000000d6100000)
 ParOldGen       total 284160K, used 277657K [0x0000000080000000, 0x0000000091580000, 0x00000000d5580000)
  object space 284160K, 97% used [0x0000000080000000,0x0000000090f264a0,0x0000000091580000)
 Metaspace       used 59538K, committed 60672K, reserved 1114112K
  class space    used 6563K, committed 7040K, reserved 1048576K
}
Event: 104.596 GC heap before
{Heap before GC invocations=278 (full 4):
 PSYoungGen      total 6144K, used 6090K [0x00000000d5580000, 0x00000000d6100000, 0x0000000100000000)
  eden space 4096K, 99% used [0x00000000d5580000,0x00000000d5977d98,0x00000000d5980000)
  from space 2048K, 98% used [0x00000000d5980000,0x00000000d5b7abb8,0x00000000d5b80000)
  to   space 3584K, 0% used [0x00000000d5d80000,0x00000000d5d80000,0x00000000d6100000)
 ParOldGen       total 284160K, used 277657K [0x0000000080000000, 0x0000000091580000, 0x00000000d5580000)
  object space 284160K, 97% used [0x0000000080000000,0x0000000090f264a0,0x0000000091580000)
 Metaspace       used 59538K, committed 60672K, reserved 1114112K
  class space    used 6563K, committed 7040K, reserved 1048576K
}
Event: 104.598 GC heap after
{Heap after GC invocations=278 (full 4):
 PSYoungGen      total 6144K, used 1383K [0x00000000d5580000, 0x00000000d5f00000, 0x0000000100000000)
  eden space 4608K, 0% used [0x00000000d5580000,0x00000000d5580000,0x00000000d5a00000)
  from space 1536K, 90% used [0x00000000d5d80000,0x00000000d5ed9fe8,0x00000000d5f00000)
  to   space 2048K, 0% used [0x00000000d5b00000,0x00000000d5b00000,0x00000000d5d00000)
 ParOldGen       total 284160K, used 279579K [0x0000000080000000, 0x0000000091580000, 0x00000000d5580000)
  object space 284160K, 98% used [0x0000000080000000,0x0000000091106f50,0x0000000091580000)
 Metaspace       used 59538K, committed 60672K, reserved 1114112K
  class space    used 6563K, committed 7040K, reserved 1048576K
}

